<?xml version="1.0" encoding="UTF-8"?>
<!-- Generated by org.testng.reporters.JUnitReportReporter -->
<testsuite hostname="BDC7-L-72000NF" failures="0" tests="3" name="com.airbus.testcases.HomePageTest" time="109.235" errors="0" timestamp="2020-02-09T12:43:46 IST" skipped="0">
  <testcase classname="com.airbus.testcases.HomePageTest" name="DemoulinkTest" time="31.971"/>
  <testcase classname="com.airbus.testcases.HomePageTest" name="HomePagetitleTest" time="37.603"/>
  <testcase classname="com.airbus.testcases.HomePageTest" name="InputFormNavigationTest" time="39.661"/>
</testsuite> <!-- com.airbus.testcases.HomePageTest -->
