<?xml version="1.0" encoding="UTF-8"?>
<!-- Generated by org.testng.reporters.JUnitReportReporter -->
<testsuite hostname="BDC7-L-72000NF" failures="0" tests="3" name="com.airbus.testcases.LoginPageTest" time="94.034" errors="0" timestamp="2020-02-09T12:43:46 IST" skipped="0">
  <testcase classname="com.airbus.testcases.LoginPageTest" name="LoginPagetitleTest" time="30.858"/>
  <testcase classname="com.airbus.testcases.LoginPageTest" name="LoginTest" time="37.648"/>
  <testcase classname="com.airbus.testcases.LoginPageTest" name="HomePagevalidationTest" time="25.528"/>
</testsuite> <!-- com.airbus.testcases.LoginPageTest -->
